{"contracts/accessControl/AccessProtected.sol":{"l":{"18":34,"19":34,"29":1,"36":38,"37":38},"path":"/home/saad/work/Bezoge-SmartContracts/contracts/accessControl/AccessProtected.sol","s":{"1":34,"2":1,"3":38},"b":{"1":[34,0],"2":[38,0],"3":[28,10]},"f":{"1":34,"2":1,"3":38},"fnMap":{"1":{"name":"setAdmin","line":17,"loc":{"start":{"line":17,"column":4},"end":{"line":20,"column":4}}},"2":{"name":"isAdmin","line":28,"loc":{"start":{"line":28,"column":4},"end":{"line":30,"column":4}}},"3":{"name":"onlyAdmin","line":35,"loc":{"start":{"line":35,"column":4},"end":{"line":38,"column":4}}}},"statementMap":{"1":{"start":{"line":19,"column":8},"end":{"line":19,"column":43}},"2":{"start":{"line":29,"column":8},"end":{"line":29,"column":29}},"3":{"start":{"line":36,"column":8},"end":{"line":36,"column":101}}},"branchMap":{"1":{"line":17,"type":"if","locations":[{"start":{"line":17,"column":60},"end":{"line":17,"column":60}},{"start":{"line":17,"column":60},"end":{"line":17,"column":60}}]},"2":{"line":36,"type":"if","locations":[{"start":{"line":36,"column":8},"end":{"line":36,"column":8}},{"start":{"line":36,"column":8},"end":{"line":36,"column":8}}]},"3":{"line":36,"type":"cond-expr","locations":[{"start":{"line":36,"column":16},"end":{"line":36,"column":36}},{"start":{"line":36,"column":41},"end":{"line":36,"column":63}}]}}},"contracts/accessControl/AccessProtectedUpgradable.sol":{"l":{"18":0,"19":0,"29":0,"36":0,"37":0},"path":"/home/saad/work/Bezoge-SmartContracts/contracts/accessControl/AccessProtectedUpgradable.sol","s":{"1":0,"2":0,"3":0},"b":{"1":[0,0],"2":[0,0],"3":[0,0]},"f":{"1":0,"2":0,"3":0},"fnMap":{"1":{"name":"setAdmin","line":17,"loc":{"start":{"line":17,"column":4},"end":{"line":20,"column":4}}},"2":{"name":"isAdmin","line":28,"loc":{"start":{"line":28,"column":4},"end":{"line":30,"column":4}}},"3":{"name":"onlyAdmin","line":35,"loc":{"start":{"line":35,"column":4},"end":{"line":38,"column":4}}}},"statementMap":{"1":{"start":{"line":19,"column":8},"end":{"line":19,"column":43}},"2":{"start":{"line":29,"column":8},"end":{"line":29,"column":29}},"3":{"start":{"line":36,"column":8},"end":{"line":36,"column":101}}},"branchMap":{"1":{"line":17,"type":"if","locations":[{"start":{"line":17,"column":60},"end":{"line":17,"column":60}},{"start":{"line":17,"column":60},"end":{"line":17,"column":60}}]},"2":{"line":36,"type":"if","locations":[{"start":{"line":36,"column":8},"end":{"line":36,"column":8}},{"start":{"line":36,"column":8},"end":{"line":36,"column":8}}]},"3":{"line":36,"type":"cond-expr","locations":[{"start":{"line":36,"column":16},"end":{"line":36,"column":36}},{"start":{"line":36,"column":41},"end":{"line":36,"column":63}}]}}},"contracts/bridge/ZogiBridge.sol":{"l":{"23":1,"25":1,"28":1,"33":0,"35":0,"46":0,"47":0,"50":0,"51":0,"53":0,"60":0,"61":0,"63":0,"73":0,"75":0,"76":0,"77":0,"78":0,"79":0,"80":0,"83":0,"84":0,"86":0,"91":0,"92":0,"96":0,"97":0,"98":0,"99":0,"101":0,"106":0},"path":"/home/saad/work/Bezoge-SmartContracts/contracts/bridge/ZogiBridge.sol","s":{"1":1,"2":0,"3":0,"4":0,"5":0,"6":0,"7":0,"8":0,"9":0,"10":0,"11":0,"12":0,"13":0,"14":0,"15":0,"16":0,"17":0,"18":0,"19":0,"20":0,"21":0,"22":0,"23":0,"24":0},"b":{"1":[1,0],"2":[0,0],"3":[0,0],"4":[0,0],"5":[0,0],"6":[0,0],"7":[0,0],"8":[0,0],"9":[0,0],"10":[0,0]},"f":{"1":1,"2":0,"3":0,"4":0,"5":0,"6":0},"fnMap":{"1":{"name":"init","line":22,"loc":{"start":{"line":22,"column":4},"end":{"line":29,"column":4}}},"2":{"name":"bridgeZogi","line":31,"loc":{"start":{"line":31,"column":4},"end":{"line":54,"column":4}}},"3":{"name":"bridgeBack","line":59,"loc":{"start":{"line":59,"column":4},"end":{"line":88,"column":4}}},"4":{"name":"updateSigners","line":90,"loc":{"start":{"line":90,"column":4},"end":{"line":93,"column":4}}},"5":{"name":"_updateSigners","line":95,"loc":{"start":{"line":95,"column":4},"end":{"line":103,"column":4}}},"6":{"name":"recover","line":105,"loc":{"start":{"line":105,"column":4},"end":{"line":107,"column":4}}}},"statementMap":{"1":{"start":{"line":23,"column":8},"end":{"line":23,"column":28}},"2":{"start":{"line":33,"column":8},"end":{"line":33,"column":80}},"3":{"start":{"line":35,"column":8},"end":{"line":35,"column":953}},"4":{"start":{"line":46,"column":8},"end":{"line":46,"column":65}},"5":{"start":{"line":50,"column":8},"end":{"line":50,"column":65}},"6":{"start":{"line":51,"column":8},"end":{"line":51,"column":30}},"7":{"start":{"line":53,"column":8},"end":{"line":53,"column":21}},"8":{"start":{"line":60,"column":8},"end":{"line":60,"column":57}},"9":{"start":{"line":61,"column":8},"end":{"line":61,"column":55}},"10":{"start":{"line":63,"column":8},"end":{"line":63,"column":1855}},"11":{"start":{"line":73,"column":8},"end":{"line":73,"column":62}},"12":{"start":{"line":75,"column":8},"end":{"line":75,"column":33}},"13":{"start":{"line":76,"column":8},"end":{"line":76,"column":2235}},"14":{"start":{"line":77,"column":12},"end":{"line":77,"column":68}},"15":{"start":{"line":78,"column":12},"end":{"line":78,"column":70}},"16":{"start":{"line":80,"column":12},"end":{"line":80,"column":65}},"17":{"start":{"line":83,"column":8},"end":{"line":83,"column":57}},"18":{"start":{"line":86,"column":8},"end":{"line":86,"column":42}},"19":{"start":{"line":91,"column":8},"end":{"line":91,"column":78}},"20":{"start":{"line":92,"column":8},"end":{"line":92,"column":31}},"21":{"start":{"line":96,"column":8},"end":{"line":96,"column":33}},"22":{"start":{"line":97,"column":8},"end":{"line":97,"column":2984}},"23":{"start":{"line":98,"column":12},"end":{"line":98,"column":76}},"24":{"start":{"line":106,"column":8},"end":{"line":106,"column":39}}},"branchMap":{"1":{"line":23,"type":"if","locations":[{"start":{"line":23,"column":8},"end":{"line":23,"column":8}},{"start":{"line":23,"column":8},"end":{"line":23,"column":8}}]},"2":{"line":33,"type":"if","locations":[{"start":{"line":33,"column":8},"end":{"line":33,"column":8}},{"start":{"line":33,"column":8},"end":{"line":33,"column":8}}]},"3":{"line":46,"type":"if","locations":[{"start":{"line":46,"column":8},"end":{"line":46,"column":8}},{"start":{"line":46,"column":8},"end":{"line":46,"column":8}}]},"4":{"line":61,"type":"if","locations":[{"start":{"line":61,"column":8},"end":{"line":61,"column":8}},{"start":{"line":61,"column":8},"end":{"line":61,"column":8}}]},"5":{"line":78,"type":"if","locations":[{"start":{"line":78,"column":12},"end":{"line":78,"column":12}},{"start":{"line":78,"column":12},"end":{"line":78,"column":12}}]},"6":{"line":80,"type":"if","locations":[{"start":{"line":80,"column":12},"end":{"line":80,"column":12}},{"start":{"line":80,"column":12},"end":{"line":80,"column":12}}]},"7":{"line":83,"type":"if","locations":[{"start":{"line":83,"column":8},"end":{"line":83,"column":8}},{"start":{"line":83,"column":8},"end":{"line":83,"column":8}}]},"8":{"line":90,"type":"if","locations":[{"start":{"line":90,"column":64},"end":{"line":90,"column":64}},{"start":{"line":90,"column":64},"end":{"line":90,"column":64}}]},"9":{"line":91,"type":"if","locations":[{"start":{"line":91,"column":8},"end":{"line":91,"column":8}},{"start":{"line":91,"column":8},"end":{"line":91,"column":8}}]},"10":{"line":98,"type":"if","locations":[{"start":{"line":98,"column":12},"end":{"line":98,"column":12}},{"start":{"line":98,"column":12},"end":{"line":98,"column":12}}]}}},"contracts/interfaces/IZogi.sol":{"l":{},"path":"/home/saad/work/Bezoge-SmartContracts/contracts/interfaces/IZogi.sol","s":{},"b":{},"f":{},"fnMap":{},"statementMap":{},"branchMap":{}},"contracts/launchPad/AccessProtected.sol":{"l":{"19":0,"20":0,"30":0,"37":0,"38":0},"path":"/home/saad/work/Bezoge-SmartContracts/contracts/launchPad/AccessProtected.sol","s":{"1":0,"2":0,"3":0},"b":{"1":[0,0],"2":[0,0],"3":[0,0]},"f":{"1":0,"2":0,"3":0},"fnMap":{"1":{"name":"setAdmin","line":18,"loc":{"start":{"line":18,"column":4},"end":{"line":21,"column":4}}},"2":{"name":"isAdmin","line":29,"loc":{"start":{"line":29,"column":4},"end":{"line":31,"column":4}}},"3":{"name":"onlyAdmin","line":36,"loc":{"start":{"line":36,"column":4},"end":{"line":39,"column":4}}}},"statementMap":{"1":{"start":{"line":20,"column":8},"end":{"line":20,"column":43}},"2":{"start":{"line":30,"column":8},"end":{"line":30,"column":29}},"3":{"start":{"line":37,"column":8},"end":{"line":37,"column":101}}},"branchMap":{"1":{"line":18,"type":"if","locations":[{"start":{"line":18,"column":60},"end":{"line":18,"column":60}},{"start":{"line":18,"column":60},"end":{"line":18,"column":60}}]},"2":{"line":37,"type":"if","locations":[{"start":{"line":37,"column":8},"end":{"line":37,"column":8}},{"start":{"line":37,"column":8},"end":{"line":37,"column":8}}]},"3":{"line":37,"type":"cond-expr","locations":[{"start":{"line":37,"column":16},"end":{"line":37,"column":36}},{"start":{"line":37,"column":41},"end":{"line":37,"column":63}}]}}},"contracts/launchPad/ILaunchpadNFT.sol":{"l":{},"path":"/home/saad/work/Bezoge-SmartContracts/contracts/launchPad/ILaunchpadNFT.sol","s":{},"b":{},"f":{},"fnMap":{},"statementMap":{},"branchMap":{}},"contracts/launchPad/LaunchpadNFT.sol":{"l":{"21":0,"22":0,"23":0,"29":0,"30":0,"31":0,"35":0,"39":0,"43":0,"44":0,"48":0,"49":0,"53":0,"57":0,"61":0,"62":0,"63":0,"65":0,"66":0,"70":0,"74":0,"75":0,"76":0,"77":0,"78":0},"path":"/home/saad/work/Bezoge-SmartContracts/contracts/launchPad/LaunchpadNFT.sol","s":{"1":0,"2":0,"3":0,"4":0,"5":0,"6":0,"7":0,"8":0,"9":0,"10":0,"11":0,"12":0,"13":0,"14":0,"15":0,"16":0,"17":0},"b":{"1":[0,0],"2":[0,0],"3":[0,0],"4":[0,0],"5":[0,0],"6":[0,0],"7":[0,0],"8":[0,0],"9":[0,0],"10":[0,0],"11":[0,0],"12":[0,0],"13":[0,0]},"f":{"1":0,"2":0,"3":0,"4":0,"5":0,"6":0,"7":0,"8":0,"9":0,"10":0,"11":0},"fnMap":{"1":{"name":"onlyLaunchpad","line":20,"loc":{"start":{"line":20,"column":4},"end":{"line":24,"column":4}}},"2":{"name":"constructor","line":27,"loc":{"start":{"line":26,"column":4},"end":{"line":32,"column":4}}},"3":{"name":"_baseURI","line":34,"loc":{"start":{"line":34,"column":4},"end":{"line":36,"column":4}}},"4":{"name":"setBaseURI","line":38,"loc":{"start":{"line":38,"column":4},"end":{"line":40,"column":4}}},"5":{"name":"updateLaunchSupply","line":42,"loc":{"start":{"line":42,"column":4},"end":{"line":45,"column":4}}},"6":{"name":"updateLaunchPadAddress","line":47,"loc":{"start":{"line":47,"column":4},"end":{"line":50,"column":4}}},"7":{"name":"getMaxLaunchpadSupply","line":52,"loc":{"start":{"line":52,"column":4},"end":{"line":54,"column":4}}},"8":{"name":"getLaunchpadSupply","line":56,"loc":{"start":{"line":56,"column":4},"end":{"line":58,"column":4}}},"9":{"name":"mintTo","line":60,"loc":{"start":{"line":60,"column":4},"end":{"line":67,"column":4}}},"10":{"name":"ownerMintTo","line":69,"loc":{"start":{"line":69,"column":4},"end":{"line":71,"column":4}}},"11":{"name":"burn","line":73,"loc":{"start":{"line":73,"column":4},"end":{"line":80,"column":4}}}},"statementMap":{"1":{"start":{"line":21,"column":8},"end":{"line":21,"column":69}},"2":{"start":{"line":22,"column":8},"end":{"line":22,"column":70}},"3":{"start":{"line":35,"column":8},"end":{"line":35,"column":22}},"4":{"start":{"line":43,"column":8},"end":{"line":43,"column":72}},"5":{"start":{"line":48,"column":8},"end":{"line":48,"column":77}},"6":{"start":{"line":53,"column":8},"end":{"line":53,"column":32}},"7":{"start":{"line":57,"column":8},"end":{"line":57,"column":28}},"8":{"start":{"line":61,"column":8},"end":{"line":61,"column":63}},"9":{"start":{"line":62,"column":8},"end":{"line":62,"column":63}},"10":{"start":{"line":63,"column":8},"end":{"line":63,"column":83}},"11":{"start":{"line":65,"column":8},"end":{"line":65,"column":30}},"12":{"start":{"line":70,"column":8},"end":{"line":70,"column":26}},"13":{"start":{"line":74,"column":8},"end":{"line":74,"column":2406}},"14":{"start":{"line":75,"column":12},"end":{"line":75,"column":41}},"15":{"start":{"line":76,"column":12},"end":{"line":76,"column":44}},"16":{"start":{"line":77,"column":12},"end":{"line":77,"column":104}},"17":{"start":{"line":78,"column":12},"end":{"line":78,"column":25}}},"branchMap":{"1":{"line":21,"type":"if","locations":[{"start":{"line":21,"column":8},"end":{"line":21,"column":8}},{"start":{"line":21,"column":8},"end":{"line":21,"column":8}}]},"2":{"line":22,"type":"if","locations":[{"start":{"line":22,"column":8},"end":{"line":22,"column":8}},{"start":{"line":22,"column":8},"end":{"line":22,"column":8}}]},"3":{"line":38,"type":"if","locations":[{"start":{"line":38,"column":56},"end":{"line":38,"column":56}},{"start":{"line":38,"column":56},"end":{"line":38,"column":56}}]},"4":{"line":42,"type":"if","locations":[{"start":{"line":42,"column":61},"end":{"line":42,"column":61}},{"start":{"line":42,"column":61},"end":{"line":42,"column":61}}]},"5":{"line":43,"type":"if","locations":[{"start":{"line":43,"column":8},"end":{"line":43,"column":8}},{"start":{"line":43,"column":8},"end":{"line":43,"column":8}}]},"6":{"line":47,"type":"if","locations":[{"start":{"line":47,"column":65},"end":{"line":47,"column":65}},{"start":{"line":47,"column":65},"end":{"line":47,"column":65}}]},"7":{"line":48,"type":"if","locations":[{"start":{"line":48,"column":8},"end":{"line":48,"column":8}},{"start":{"line":48,"column":8},"end":{"line":48,"column":8}}]},"8":{"line":60,"type":"if","locations":[{"start":{"line":60,"column":65},"end":{"line":60,"column":65}},{"start":{"line":60,"column":65},"end":{"line":60,"column":65}}]},"9":{"line":61,"type":"if","locations":[{"start":{"line":61,"column":8},"end":{"line":61,"column":8}},{"start":{"line":61,"column":8},"end":{"line":61,"column":8}}]},"10":{"line":62,"type":"if","locations":[{"start":{"line":62,"column":8},"end":{"line":62,"column":8}},{"start":{"line":62,"column":8},"end":{"line":62,"column":8}}]},"11":{"line":63,"type":"if","locations":[{"start":{"line":63,"column":8},"end":{"line":63,"column":8}},{"start":{"line":63,"column":8},"end":{"line":63,"column":8}}]},"12":{"line":69,"type":"if","locations":[{"start":{"line":69,"column":63},"end":{"line":69,"column":63}},{"start":{"line":69,"column":63},"end":{"line":69,"column":63}}]},"13":{"line":77,"type":"if","locations":[{"start":{"line":77,"column":12},"end":{"line":77,"column":12}},{"start":{"line":77,"column":12},"end":{"line":77,"column":12}}]}}},"contracts/tokens/BezogeToken.sol":{"l":{"23":383,"27":0,"28":0,"115":84,"116":84,"118":84,"132":168,"146":196,"147":196,"149":196,"166":126,"167":0,"170":126,"171":126,"173":126,"189":297,"205":297,"206":297,"209":297,"225":0,"241":0,"242":0,"268":0,"269":0,"271":0,"272":0,"292":0,"295":0,"296":0,"318":0,"328":0,"343":0,"353":0,"354":0,"358":0,"361":0,"362":0,"363":0,"366":0,"370":0,"375":0,"390":102,"391":102,"392":102,"399":56,"406":0,"407":0,"418":0,"419":0,"427":0,"428":0,"429":0,"458":102,"459":102,"463":0,"467":0,"471":0,"475":3,"479":57,"480":57,"484":14,"485":14,"489":0,"493":7,"494":7,"498":28,"499":28,"500":28,"504":0,"505":0,"509":0,"510":0,"514":0,"518":0,"523":0,"529":0,"530":0,"531":0,"532":0,"533":0,"534":0,"538":0,"539":0,"540":0,"541":0,"543":0,"544":0,"549":57,"550":57,"551":57,"555":0,"556":0,"557":0,"559":0,"560":0,"564":0,"565":0,"566":0,"567":0,"568":0,"569":0,"570":0,"571":0,"577":35,"578":35,"580":35,"581":35,"585":42,"586":42,"587":42,"588":42,"589":3,"591":42,"592":0,"594":0,"596":42,"598":0,"600":0,"605":42,"606":42,"607":42,"608":42,"609":42,"613":0,"614":0,"615":0,"616":0,"617":0,"618":0,"622":0,"623":0,"624":0,"625":0,"626":0,"627":0,"631":0,"632":0,"633":0,"634":0,"635":0,"636":0,"637":0,"641":42,"642":42,"646":42,"647":42,"648":42,"649":42,"653":42,"654":42,"655":42,"659":42,"660":42,"661":42,"662":42,"666":99,"667":99,"671":99,"672":99,"673":99,"674":0,"675":0,"676":0,"678":99,"679":99},"path":"/home/saad/work/Bezoge-SmartContracts/contracts/tokens/BezogeToken.sol","s":{"1":383,"2":0,"3":84,"4":84,"5":84,"6":168,"7":196,"8":196,"9":196,"10":126,"11":0,"12":126,"13":126,"14":126,"15":297,"16":297,"17":297,"18":297,"19":0,"20":0,"21":0,"22":0,"23":0,"24":0,"25":0,"26":0,"27":0,"28":0,"29":0,"30":0,"31":0,"32":0,"33":0,"34":0,"35":0,"36":0,"37":0,"38":0,"39":102,"40":102,"41":56,"42":0,"43":0,"44":0,"45":0,"46":102,"47":0,"48":0,"49":0,"50":3,"51":57,"52":0,"53":57,"54":14,"55":14,"56":0,"57":7,"58":7,"59":28,"60":28,"61":28,"62":0,"63":0,"64":0,"65":0,"66":0,"67":0,"68":0,"69":0,"70":0,"71":0,"72":0,"73":0,"74":0,"75":0,"76":0,"77":57,"78":57,"79":57,"80":0,"81":0,"82":0,"83":0,"84":0,"85":0,"86":0,"87":35,"88":35,"89":35,"90":42,"91":42,"92":42,"93":42,"94":3,"95":42,"96":0,"97":42,"98":0,"99":42,"100":42,"101":0,"102":0,"103":0,"104":42,"105":42,"106":42,"107":0,"108":0,"109":0,"110":0,"111":0,"112":0,"113":0,"114":0,"115":0,"116":42,"117":42,"118":42,"119":42,"120":42,"121":42,"122":42,"123":42,"124":42,"125":42,"126":42,"127":99,"128":99,"129":99,"130":99,"131":99,"132":0,"133":0,"134":99,"135":0,"136":99},"b":{"1":[84,0],"2":[196,0],"3":[0,126],"4":[126,0],"5":[297,0],"6":[0,0],"7":[0,0],"8":[0,0],"9":[0,0],"10":[0,0],"11":[0,0],"12":[0,0],"13":[0,0],"14":[0,0],"15":[0,0],"16":[0,0],"17":[0,57],"18":[0,0],"19":[0,0],"20":[0,0],"21":[0,0],"22":[57,0],"23":[0,0],"24":[0,0],"25":[0,0],"26":[0,0],"27":[0,0],"28":[0,0],"29":[35,0],"30":[35,0],"31":[42,0],"32":[42,0],"33":[42,0],"34":[3,39],"35":[3,0],"36":[0,42],"37":[0,42],"38":[42,0],"39":[0,0],"40":[0,0],"41":[0,0],"42":[0,99]},"f":{"1":383,"2":0,"3":84,"4":168,"5":196,"6":126,"7":297,"8":297,"9":0,"10":0,"11":0,"12":0,"13":0,"14":0,"15":0,"16":0,"17":0,"18":102,"19":56,"20":0,"21":0,"22":0,"23":102,"24":0,"25":0,"26":0,"27":3,"28":57,"29":14,"30":0,"31":7,"32":28,"33":0,"34":0,"35":0,"36":0,"37":0,"38":0,"39":0,"40":57,"41":0,"42":0,"43":35,"44":42,"45":42,"46":0,"47":0,"48":0,"49":42,"50":42,"51":42,"52":42,"53":99,"54":99},"fnMap":{"1":{"name":"_msgSender","line":22,"loc":{"start":{"line":22,"column":4},"end":{"line":24,"column":4}}},"2":{"name":"_msgData","line":26,"loc":{"start":{"line":26,"column":4},"end":{"line":29,"column":4}}},"3":{"name":"add","line":114,"loc":{"start":{"line":114,"column":4},"end":{"line":119,"column":4}}},"4":{"name":"sub","line":131,"loc":{"start":{"line":131,"column":4},"end":{"line":133,"column":4}}},"5":{"name":"sub","line":145,"loc":{"start":{"line":145,"column":4},"end":{"line":150,"column":4}}},"6":{"name":"mul","line":162,"loc":{"start":{"line":162,"column":4},"end":{"line":174,"column":4}}},"7":{"name":"div","line":188,"loc":{"start":{"line":188,"column":4},"end":{"line":190,"column":4}}},"8":{"name":"div","line":204,"loc":{"start":{"line":204,"column":4},"end":{"line":210,"column":4}}},"9":{"name":"mod","line":224,"loc":{"start":{"line":224,"column":4},"end":{"line":226,"column":4}}},"10":{"name":"mod","line":240,"loc":{"start":{"line":240,"column":4},"end":{"line":243,"column":4}}},"11":{"name":"isContract","line":264,"loc":{"start":{"line":264,"column":4},"end":{"line":273,"column":4}}},"12":{"name":"sendValue","line":291,"loc":{"start":{"line":291,"column":4},"end":{"line":297,"column":4}}},"13":{"name":"functionCall","line":317,"loc":{"start":{"line":317,"column":4},"end":{"line":319,"column":4}}},"14":{"name":"functionCall","line":327,"loc":{"start":{"line":327,"column":4},"end":{"line":329,"column":4}}},"15":{"name":"functionCallWithValue","line":342,"loc":{"start":{"line":342,"column":4},"end":{"line":344,"column":4}}},"16":{"name":"functionCallWithValue","line":352,"loc":{"start":{"line":352,"column":4},"end":{"line":355,"column":4}}},"17":{"name":"_functionCallWithValue","line":357,"loc":{"start":{"line":357,"column":4},"end":{"line":378,"column":4}}},"18":{"name":"constructor","line":389,"loc":{"start":{"line":389,"column":4},"end":{"line":393,"column":4}}},"19":{"name":"owner","line":398,"loc":{"start":{"line":398,"column":4},"end":{"line":400,"column":4}}},"20":{"name":"onlyOwner","line":405,"loc":{"start":{"line":405,"column":4},"end":{"line":408,"column":4}}},"21":{"name":"renounceOwnership","line":417,"loc":{"start":{"line":417,"column":4},"end":{"line":420,"column":4}}},"22":{"name":"transferOwnership","line":426,"loc":{"start":{"line":426,"column":4},"end":{"line":430,"column":4}}},"23":{"name":"constructor","line":457,"loc":{"start":{"line":457,"column":4},"end":{"line":460,"column":4}}},"24":{"name":"name","line":462,"loc":{"start":{"line":462,"column":4},"end":{"line":464,"column":4}}},"25":{"name":"symbol","line":466,"loc":{"start":{"line":466,"column":4},"end":{"line":468,"column":4}}},"26":{"name":"decimals","line":470,"loc":{"start":{"line":470,"column":4},"end":{"line":472,"column":4}}},"27":{"name":"totalSupply","line":474,"loc":{"start":{"line":474,"column":4},"end":{"line":476,"column":4}}},"28":{"name":"balanceOf","line":478,"loc":{"start":{"line":478,"column":4},"end":{"line":481,"column":4}}},"29":{"name":"transfer","line":483,"loc":{"start":{"line":483,"column":4},"end":{"line":486,"column":4}}},"30":{"name":"allowance","line":488,"loc":{"start":{"line":488,"column":4},"end":{"line":490,"column":4}}},"31":{"name":"approve","line":492,"loc":{"start":{"line":492,"column":4},"end":{"line":495,"column":4}}},"32":{"name":"transferFrom","line":497,"loc":{"start":{"line":497,"column":4},"end":{"line":501,"column":4}}},"33":{"name":"increaseAllowance","line":503,"loc":{"start":{"line":503,"column":4},"end":{"line":506,"column":4}}},"34":{"name":"decreaseAllowance","line":508,"loc":{"start":{"line":508,"column":4},"end":{"line":511,"column":4}}},"35":{"name":"isExcluded","line":513,"loc":{"start":{"line":513,"column":4},"end":{"line":515,"column":4}}},"36":{"name":"totalFees","line":517,"loc":{"start":{"line":517,"column":4},"end":{"line":519,"column":4}}},"37":{"name":"setMaxTxPercent","line":522,"loc":{"start":{"line":522,"column":4},"end":{"line":526,"column":4}}},"38":{"name":"reflect","line":528,"loc":{"start":{"line":528,"column":4},"end":{"line":535,"column":4}}},"39":{"name":"reflectionFromToken","line":537,"loc":{"start":{"line":537,"column":4},"end":{"line":546,"column":4}}},"40":{"name":"tokenFromReflection","line":548,"loc":{"start":{"line":548,"column":4},"end":{"line":552,"column":4}}},"41":{"name":"excludeAccount","line":554,"loc":{"start":{"line":554,"column":4},"end":{"line":561,"column":4}}},"42":{"name":"includeAccount","line":563,"loc":{"start":{"line":563,"column":4},"end":{"line":574,"column":4}}},"43":{"name":"_approve","line":576,"loc":{"start":{"line":576,"column":4},"end":{"line":582,"column":4}}},"44":{"name":"_transfer","line":584,"loc":{"start":{"line":584,"column":4},"end":{"line":602,"column":4}}},"45":{"name":"_transferStandard","line":604,"loc":{"start":{"line":604,"column":4},"end":{"line":610,"column":4}}},"46":{"name":"_transferToExcluded","line":612,"loc":{"start":{"line":612,"column":4},"end":{"line":619,"column":4}}},"47":{"name":"_transferFromExcluded","line":621,"loc":{"start":{"line":621,"column":4},"end":{"line":628,"column":4}}},"48":{"name":"_transferBothExcluded","line":630,"loc":{"start":{"line":630,"column":4},"end":{"line":638,"column":4}}},"49":{"name":"_reflectFee","line":640,"loc":{"start":{"line":640,"column":4},"end":{"line":643,"column":4}}},"50":{"name":"_getValues","line":645,"loc":{"start":{"line":645,"column":4},"end":{"line":650,"column":4}}},"51":{"name":"_getTValues","line":652,"loc":{"start":{"line":652,"column":4},"end":{"line":656,"column":4}}},"52":{"name":"_getRValues","line":658,"loc":{"start":{"line":658,"column":4},"end":{"line":663,"column":4}}},"53":{"name":"_getRate","line":665,"loc":{"start":{"line":665,"column":4},"end":{"line":668,"column":4}}},"54":{"name":"_getCurrentSupply","line":670,"loc":{"start":{"line":670,"column":4},"end":{"line":680,"column":4}}}},"statementMap":{"1":{"start":{"line":23,"column":8},"end":{"line":23,"column":25}},"2":{"start":{"line":28,"column":8},"end":{"line":28,"column":23}},"3":{"start":{"line":115,"column":8},"end":{"line":115,"column":25}},"4":{"start":{"line":116,"column":8},"end":{"line":116,"column":53}},"5":{"start":{"line":118,"column":8},"end":{"line":118,"column":16}},"6":{"start":{"line":132,"column":8},"end":{"line":132,"column":58}},"7":{"start":{"line":146,"column":8},"end":{"line":146,"column":36}},"8":{"start":{"line":147,"column":8},"end":{"line":147,"column":25}},"9":{"start":{"line":149,"column":8},"end":{"line":149,"column":16}},"10":{"start":{"line":166,"column":8},"end":{"line":166,"column":5140}},"11":{"start":{"line":167,"column":12},"end":{"line":167,"column":20}},"12":{"start":{"line":170,"column":8},"end":{"line":170,"column":25}},"13":{"start":{"line":171,"column":8},"end":{"line":171,"column":63}},"14":{"start":{"line":173,"column":8},"end":{"line":173,"column":16}},"15":{"start":{"line":189,"column":8},"end":{"line":189,"column":54}},"16":{"start":{"line":205,"column":8},"end":{"line":205,"column":35}},"17":{"start":{"line":206,"column":8},"end":{"line":206,"column":25}},"18":{"start":{"line":209,"column":8},"end":{"line":209,"column":16}},"19":{"start":{"line":225,"column":8},"end":{"line":225,"column":52}},"20":{"start":{"line":241,"column":8},"end":{"line":241,"column":36}},"21":{"start":{"line":242,"column":8},"end":{"line":242,"column":20}},"22":{"start":{"line":268,"column":8},"end":{"line":268,"column":24}},"23":{"start":{"line":269,"column":8},"end":{"line":269,"column":96}},"24":{"start":{"line":272,"column":8},"end":{"line":272,"column":59}},"25":{"start":{"line":292,"column":8},"end":{"line":292,"column":80}},"26":{"start":{"line":295,"column":8},"end":{"line":295,"column":62}},"27":{"start":{"line":296,"column":8},"end":{"line":296,"column":85}},"28":{"start":{"line":318,"column":6},"end":{"line":318,"column":73}},"29":{"start":{"line":328,"column":8},"end":{"line":328,"column":68}},"30":{"start":{"line":343,"column":8},"end":{"line":343,"column":102}},"31":{"start":{"line":353,"column":8},"end":{"line":353,"column":88}},"32":{"start":{"line":354,"column":8},"end":{"line":354,"column":72}},"33":{"start":{"line":358,"column":8},"end":{"line":358,"column":67}},"34":{"start":{"line":361,"column":8},"end":{"line":361,"column":86}},"35":{"start":{"line":362,"column":8},"end":{"line":362,"column":13231}},"36":{"start":{"line":363,"column":12},"end":{"line":363,"column":29}},"37":{"start":{"line":366,"column":12},"end":{"line":366,"column":13376}},"38":{"start":{"line":375,"column":16},"end":{"line":375,"column":35}},"39":{"start":{"line":390,"column":8},"end":{"line":390,"column":40}},"40":{"start":{"line":392,"column":8},"end":{"line":392,"column":56}},"41":{"start":{"line":399,"column":8},"end":{"line":399,"column":21}},"42":{"start":{"line":406,"column":8},"end":{"line":406,"column":74}},"43":{"start":{"line":418,"column":8},"end":{"line":418,"column":53}},"44":{"start":{"line":427,"column":8},"end":{"line":427,"column":80}},"45":{"start":{"line":428,"column":8},"end":{"line":428,"column":51}},"46":{"start":{"line":459,"column":8},"end":{"line":459,"column":56}},"47":{"start":{"line":463,"column":8},"end":{"line":463,"column":20}},"48":{"start":{"line":467,"column":8},"end":{"line":467,"column":22}},"49":{"start":{"line":471,"column":8},"end":{"line":471,"column":24}},"50":{"start":{"line":475,"column":8},"end":{"line":475,"column":22}},"51":{"start":{"line":479,"column":8},"end":{"line":479,"column":57}},"52":{"start":{"line":479,"column":34},"end":{"line":479,"column":57}},"53":{"start":{"line":480,"column":8},"end":{"line":480,"column":52}},"54":{"start":{"line":484,"column":8},"end":{"line":484,"column":49}},"55":{"start":{"line":485,"column":8},"end":{"line":485,"column":19}},"56":{"start":{"line":489,"column":8},"end":{"line":489,"column":42}},"57":{"start":{"line":493,"column":8},"end":{"line":493,"column":46}},"58":{"start":{"line":494,"column":8},"end":{"line":494,"column":19}},"59":{"start":{"line":498,"column":8},"end":{"line":498,"column":43}},"60":{"start":{"line":499,"column":8},"end":{"line":499,"column":128}},"61":{"start":{"line":500,"column":8},"end":{"line":500,"column":19}},"62":{"start":{"line":504,"column":8},"end":{"line":504,"column":90}},"63":{"start":{"line":505,"column":8},"end":{"line":505,"column":19}},"64":{"start":{"line":509,"column":8},"end":{"line":509,"column":136}},"65":{"start":{"line":510,"column":8},"end":{"line":510,"column":19}},"66":{"start":{"line":514,"column":8},"end":{"line":514,"column":35}},"67":{"start":{"line":518,"column":8},"end":{"line":518,"column":25}},"68":{"start":{"line":529,"column":8},"end":{"line":529,"column":37}},"69":{"start":{"line":530,"column":8},"end":{"line":530,"column":84}},"70":{"start":{"line":531,"column":8},"end":{"line":531,"column":51}},"71":{"start":{"line":538,"column":8},"end":{"line":538,"column":69}},"72":{"start":{"line":539,"column":8},"end":{"line":539,"column":19152}},"73":{"start":{"line":540,"column":12},"end":{"line":540,"column":55}},"74":{"start":{"line":541,"column":12},"end":{"line":541,"column":26}},"75":{"start":{"line":543,"column":12},"end":{"line":543,"column":63}},"76":{"start":{"line":544,"column":12},"end":{"line":544,"column":34}},"77":{"start":{"line":549,"column":8},"end":{"line":549,"column":80}},"78":{"start":{"line":550,"column":8},"end":{"line":550,"column":41}},"79":{"start":{"line":551,"column":8},"end":{"line":551,"column":39}},"80":{"start":{"line":555,"column":8},"end":{"line":555,"column":68}},"81":{"start":{"line":556,"column":8},"end":{"line":556,"column":19800}},"82":{"start":{"line":560,"column":8},"end":{"line":560,"column":30}},"83":{"start":{"line":564,"column":8},"end":{"line":564,"column":67}},"84":{"start":{"line":565,"column":8},"end":{"line":565,"column":20130}},"85":{"start":{"line":566,"column":12},"end":{"line":566,"column":20195}},"86":{"start":{"line":570,"column":16},"end":{"line":570,"column":30}},"87":{"start":{"line":577,"column":8},"end":{"line":577,"column":75}},"88":{"start":{"line":578,"column":8},"end":{"line":578,"column":75}},"89":{"start":{"line":581,"column":8},"end":{"line":581,"column":45}},"90":{"start":{"line":585,"column":8},"end":{"line":585,"column":77}},"91":{"start":{"line":586,"column":8},"end":{"line":586,"column":78}},"92":{"start":{"line":587,"column":8},"end":{"line":587,"column":71}},"93":{"start":{"line":588,"column":8},"end":{"line":588,"column":21198}},"94":{"start":{"line":589,"column":10},"end":{"line":589,"column":84}},"95":{"start":{"line":591,"column":8},"end":{"line":591,"column":21275}},"96":{"start":{"line":592,"column":12},"end":{"line":592,"column":59}},"97":{"start":{"line":593,"column":15},"end":{"line":593,"column":21406}},"98":{"start":{"line":594,"column":12},"end":{"line":594,"column":57}},"99":{"start":{"line":595,"column":15},"end":{"line":595,"column":21535}},"100":{"start":{"line":596,"column":12},"end":{"line":596,"column":55}},"101":{"start":{"line":597,"column":15},"end":{"line":597,"column":21663}},"102":{"start":{"line":598,"column":12},"end":{"line":598,"column":59}},"103":{"start":{"line":600,"column":12},"end":{"line":600,"column":55}},"104":{"start":{"line":605,"column":8},"end":{"line":605,"column":125}},"105":{"start":{"line":608,"column":8},"end":{"line":608,"column":30}},"106":{"start":{"line":609,"column":8},"end":{"line":609,"column":57}},"107":{"start":{"line":613,"column":8},"end":{"line":613,"column":125}},"108":{"start":{"line":617,"column":8},"end":{"line":617,"column":30}},"109":{"start":{"line":618,"column":8},"end":{"line":618,"column":57}},"110":{"start":{"line":622,"column":8},"end":{"line":622,"column":125}},"111":{"start":{"line":626,"column":8},"end":{"line":626,"column":30}},"112":{"start":{"line":627,"column":8},"end":{"line":627,"column":57}},"113":{"start":{"line":631,"column":8},"end":{"line":631,"column":125}},"114":{"start":{"line":636,"column":8},"end":{"line":636,"column":30}},"115":{"start":{"line":637,"column":8},"end":{"line":637,"column":57}},"116":{"start":{"line":646,"column":8},"end":{"line":646,"column":70}},"117":{"start":{"line":647,"column":8},"end":{"line":647,"column":41}},"118":{"start":{"line":648,"column":8},"end":{"line":648,"column":106}},"119":{"start":{"line":649,"column":8},"end":{"line":649,"column":70}},"120":{"start":{"line":653,"column":8},"end":{"line":653,"column":46}},"121":{"start":{"line":654,"column":8},"end":{"line":654,"column":51}},"122":{"start":{"line":655,"column":8},"end":{"line":655,"column":38}},"123":{"start":{"line":659,"column":8},"end":{"line":659,"column":50}},"124":{"start":{"line":660,"column":8},"end":{"line":660,"column":44}},"125":{"start":{"line":661,"column":8},"end":{"line":661,"column":51}},"126":{"start":{"line":662,"column":8},"end":{"line":662,"column":47}},"127":{"start":{"line":666,"column":8},"end":{"line":666,"column":64}},"128":{"start":{"line":667,"column":8},"end":{"line":667,"column":35}},"129":{"start":{"line":671,"column":8},"end":{"line":671,"column":33}},"130":{"start":{"line":672,"column":8},"end":{"line":672,"column":33}},"131":{"start":{"line":673,"column":8},"end":{"line":673,"column":25394}},"132":{"start":{"line":674,"column":12},"end":{"line":674,"column":109}},"133":{"start":{"line":674,"column":84},"end":{"line":674,"column":109}},"134":{"start":{"line":678,"column":8},"end":{"line":678,"column":69}},"135":{"start":{"line":678,"column":44},"end":{"line":678,"column":69}},"136":{"start":{"line":679,"column":8},"end":{"line":679,"column":33}}},"branchMap":{"1":{"line":116,"type":"if","locations":[{"start":{"line":116,"column":8},"end":{"line":116,"column":8}},{"start":{"line":116,"column":8},"end":{"line":116,"column":8}}]},"2":{"line":146,"type":"if","locations":[{"start":{"line":146,"column":8},"end":{"line":146,"column":8}},{"start":{"line":146,"column":8},"end":{"line":146,"column":8}}]},"3":{"line":166,"type":"if","locations":[{"start":{"line":166,"column":8},"end":{"line":166,"column":8}},{"start":{"line":166,"column":8},"end":{"line":166,"column":8}}]},"4":{"line":171,"type":"if","locations":[{"start":{"line":171,"column":8},"end":{"line":171,"column":8}},{"start":{"line":171,"column":8},"end":{"line":171,"column":8}}]},"5":{"line":205,"type":"if","locations":[{"start":{"line":205,"column":8},"end":{"line":205,"column":8}},{"start":{"line":205,"column":8},"end":{"line":205,"column":8}}]},"6":{"line":241,"type":"if","locations":[{"start":{"line":241,"column":8},"end":{"line":241,"column":8}},{"start":{"line":241,"column":8},"end":{"line":241,"column":8}}]},"7":{"line":292,"type":"if","locations":[{"start":{"line":292,"column":8},"end":{"line":292,"column":8}},{"start":{"line":292,"column":8},"end":{"line":292,"column":8}}]},"8":{"line":296,"type":"if","locations":[{"start":{"line":296,"column":8},"end":{"line":296,"column":8}},{"start":{"line":296,"column":8},"end":{"line":296,"column":8}}]},"9":{"line":353,"type":"if","locations":[{"start":{"line":353,"column":8},"end":{"line":353,"column":8}},{"start":{"line":353,"column":8},"end":{"line":353,"column":8}}]},"10":{"line":358,"type":"if","locations":[{"start":{"line":358,"column":8},"end":{"line":358,"column":8}},{"start":{"line":358,"column":8},"end":{"line":358,"column":8}}]},"11":{"line":362,"type":"if","locations":[{"start":{"line":362,"column":8},"end":{"line":362,"column":8}},{"start":{"line":362,"column":8},"end":{"line":362,"column":8}}]},"12":{"line":366,"type":"if","locations":[{"start":{"line":366,"column":12},"end":{"line":366,"column":12}},{"start":{"line":366,"column":12},"end":{"line":366,"column":12}}]},"13":{"line":406,"type":"if","locations":[{"start":{"line":406,"column":8},"end":{"line":406,"column":8}},{"start":{"line":406,"column":8},"end":{"line":406,"column":8}}]},"14":{"line":417,"type":"if","locations":[{"start":{"line":417,"column":48},"end":{"line":417,"column":48}},{"start":{"line":417,"column":48},"end":{"line":417,"column":48}}]},"15":{"line":426,"type":"if","locations":[{"start":{"line":426,"column":64},"end":{"line":426,"column":64}},{"start":{"line":426,"column":64},"end":{"line":426,"column":64}}]},"16":{"line":427,"type":"if","locations":[{"start":{"line":427,"column":8},"end":{"line":427,"column":8}},{"start":{"line":427,"column":8},"end":{"line":427,"column":8}}]},"17":{"line":479,"type":"if","locations":[{"start":{"line":479,"column":8},"end":{"line":479,"column":8}},{"start":{"line":479,"column":8},"end":{"line":479,"column":8}}]},"18":{"line":522,"type":"if","locations":[{"start":{"line":522,"column":60},"end":{"line":522,"column":60}},{"start":{"line":522,"column":60},"end":{"line":522,"column":60}}]},"19":{"line":530,"type":"if","locations":[{"start":{"line":530,"column":8},"end":{"line":530,"column":8}},{"start":{"line":530,"column":8},"end":{"line":530,"column":8}}]},"20":{"line":538,"type":"if","locations":[{"start":{"line":538,"column":8},"end":{"line":538,"column":8}},{"start":{"line":538,"column":8},"end":{"line":538,"column":8}}]},"21":{"line":539,"type":"if","locations":[{"start":{"line":539,"column":8},"end":{"line":539,"column":8}},{"start":{"line":539,"column":8},"end":{"line":539,"column":8}}]},"22":{"line":549,"type":"if","locations":[{"start":{"line":549,"column":8},"end":{"line":549,"column":8}},{"start":{"line":549,"column":8},"end":{"line":549,"column":8}}]},"23":{"line":554,"type":"if","locations":[{"start":{"line":554,"column":54},"end":{"line":554,"column":54}},{"start":{"line":554,"column":54},"end":{"line":554,"column":54}}]},"24":{"line":555,"type":"if","locations":[{"start":{"line":555,"column":8},"end":{"line":555,"column":8}},{"start":{"line":555,"column":8},"end":{"line":555,"column":8}}]},"25":{"line":556,"type":"if","locations":[{"start":{"line":556,"column":8},"end":{"line":556,"column":8}},{"start":{"line":556,"column":8},"end":{"line":556,"column":8}}]},"26":{"line":563,"type":"if","locations":[{"start":{"line":563,"column":54},"end":{"line":563,"column":54}},{"start":{"line":563,"column":54},"end":{"line":563,"column":54}}]},"27":{"line":564,"type":"if","locations":[{"start":{"line":564,"column":8},"end":{"line":564,"column":8}},{"start":{"line":564,"column":8},"end":{"line":564,"column":8}}]},"28":{"line":566,"type":"if","locations":[{"start":{"line":566,"column":12},"end":{"line":566,"column":12}},{"start":{"line":566,"column":12},"end":{"line":566,"column":12}}]},"29":{"line":577,"type":"if","locations":[{"start":{"line":577,"column":8},"end":{"line":577,"column":8}},{"start":{"line":577,"column":8},"end":{"line":577,"column":8}}]},"30":{"line":578,"type":"if","locations":[{"start":{"line":578,"column":8},"end":{"line":578,"column":8}},{"start":{"line":578,"column":8},"end":{"line":578,"column":8}}]},"31":{"line":585,"type":"if","locations":[{"start":{"line":585,"column":8},"end":{"line":585,"column":8}},{"start":{"line":585,"column":8},"end":{"line":585,"column":8}}]},"32":{"line":586,"type":"if","locations":[{"start":{"line":586,"column":8},"end":{"line":586,"column":8}},{"start":{"line":586,"column":8},"end":{"line":586,"column":8}}]},"33":{"line":587,"type":"if","locations":[{"start":{"line":587,"column":8},"end":{"line":587,"column":8}},{"start":{"line":587,"column":8},"end":{"line":587,"column":8}}]},"34":{"line":588,"type":"if","locations":[{"start":{"line":588,"column":8},"end":{"line":588,"column":8}},{"start":{"line":588,"column":8},"end":{"line":588,"column":8}}]},"35":{"line":589,"type":"if","locations":[{"start":{"line":589,"column":10},"end":{"line":589,"column":10}},{"start":{"line":589,"column":10},"end":{"line":589,"column":10}}]},"36":{"line":591,"type":"if","locations":[{"start":{"line":591,"column":8},"end":{"line":591,"column":8}},{"start":{"line":591,"column":8},"end":{"line":591,"column":8}}]},"37":{"line":593,"type":"if","locations":[{"start":{"line":593,"column":15},"end":{"line":593,"column":15}},{"start":{"line":593,"column":15},"end":{"line":593,"column":15}}]},"38":{"line":595,"type":"if","locations":[{"start":{"line":595,"column":15},"end":{"line":595,"column":15}},{"start":{"line":595,"column":15},"end":{"line":595,"column":15}}]},"39":{"line":597,"type":"if","locations":[{"start":{"line":597,"column":15},"end":{"line":597,"column":15}},{"start":{"line":597,"column":15},"end":{"line":597,"column":15}}]},"40":{"line":674,"type":"if","locations":[{"start":{"line":674,"column":12},"end":{"line":674,"column":12}},{"start":{"line":674,"column":12},"end":{"line":674,"column":12}}]},"41":{"line":674,"type":"cond-expr","locations":[{"start":{"line":674,"column":16},"end":{"line":674,"column":46}},{"start":{"line":674,"column":51},"end":{"line":674,"column":81}}]},"42":{"line":678,"type":"if","locations":[{"start":{"line":678,"column":8},"end":{"line":678,"column":8}},{"start":{"line":678,"column":8},"end":{"line":678,"column":8}}]}}},"contracts/tokens/MBLKToken.sol":{"l":{"21":102,"25":10,"26":10,"30":10,"31":9,"32":9,"56":8,"57":7,"59":7,"60":1,"61":1,"63":6,"64":5,"65":5,"73":12,"74":0,"76":12,"80":24,"84":2,"88":0},"path":"/home/saad/work/Bezoge-SmartContracts/contracts/tokens/MBLKToken.sol","s":{"1":102,"2":10,"3":10,"4":9,"5":9,"6":8,"7":7,"8":7,"9":1,"10":1,"11":6,"12":5,"13":5,"14":12,"15":0,"16":12,"17":24,"18":2,"19":0},"b":{"1":[10,0],"2":[9,1],"3":[7,1],"4":[1,6],"5":[0,12],"6":[2,1]},"f":{"1":102,"2":10,"3":10,"4":8,"5":12,"6":24,"7":2,"8":0},"fnMap":{"1":{"name":"constructor","line":20,"loc":{"start":{"line":20,"column":4},"end":{"line":22,"column":4}}},"2":{"name":"blacklistUpdate","line":24,"loc":{"start":{"line":24,"column":4},"end":{"line":27,"column":4}}},"3":{"name":"transfer","line":29,"loc":{"start":{"line":29,"column":4},"end":{"line":33,"column":4}}},"4":{"name":"transferFrom","line":51,"loc":{"start":{"line":51,"column":4},"end":{"line":67,"column":4}}},"5":{"name":"allowance","line":72,"loc":{"start":{"line":72,"column":4},"end":{"line":77,"column":4}}},"6":{"name":"isBlackListed","line":79,"loc":{"start":{"line":79,"column":4},"end":{"line":81,"column":4}}},"7":{"name":"snapShot","line":83,"loc":{"start":{"line":83,"column":4},"end":{"line":85,"column":4}}},"8":{"name":"getCurrentSnapshotId","line":87,"loc":{"start":{"line":87,"column":4},"end":{"line":89,"column":4}}}},"statementMap":{"1":{"start":{"line":21,"column":8},"end":{"line":21,"column":45}},"2":{"start":{"line":26,"column":8},"end":{"line":26,"column":42}},"3":{"start":{"line":30,"column":8},"end":{"line":30,"column":100}},"4":{"start":{"line":31,"column":8},"end":{"line":31,"column":49}},"5":{"start":{"line":32,"column":8},"end":{"line":32,"column":19}},"6":{"start":{"line":56,"column":8},"end":{"line":56,"column":102}},"7":{"start":{"line":57,"column":8},"end":{"line":57,"column":38}},"8":{"start":{"line":59,"column":8},"end":{"line":59,"column":1869}},"9":{"start":{"line":60,"column":12},"end":{"line":60,"column":38}},"10":{"start":{"line":61,"column":12},"end":{"line":61,"column":23}},"11":{"start":{"line":63,"column":12},"end":{"line":63,"column":49}},"12":{"start":{"line":64,"column":12},"end":{"line":64,"column":38}},"13":{"start":{"line":65,"column":12},"end":{"line":65,"column":23}},"14":{"start":{"line":73,"column":8},"end":{"line":73,"column":2307}},"15":{"start":{"line":74,"column":13},"end":{"line":74,"column":43}},"16":{"start":{"line":76,"column":8},"end":{"line":76,"column":52}},"17":{"start":{"line":80,"column":8},"end":{"line":80,"column":31}},"18":{"start":{"line":84,"column":8},"end":{"line":84,"column":26}},"19":{"start":{"line":88,"column":8},"end":{"line":88,"column":38}}},"branchMap":{"1":{"line":24,"type":"if","locations":[{"start":{"line":24,"column":62},"end":{"line":24,"column":62}},{"start":{"line":24,"column":62},"end":{"line":24,"column":62}}]},"2":{"line":30,"type":"if","locations":[{"start":{"line":30,"column":8},"end":{"line":30,"column":8}},{"start":{"line":30,"column":8},"end":{"line":30,"column":8}}]},"3":{"line":56,"type":"if","locations":[{"start":{"line":56,"column":8},"end":{"line":56,"column":8}},{"start":{"line":56,"column":8},"end":{"line":56,"column":8}}]},"4":{"line":59,"type":"if","locations":[{"start":{"line":59,"column":8},"end":{"line":59,"column":8}},{"start":{"line":59,"column":8},"end":{"line":59,"column":8}}]},"5":{"line":73,"type":"if","locations":[{"start":{"line":73,"column":8},"end":{"line":73,"column":8}},{"start":{"line":73,"column":8},"end":{"line":73,"column":8}}]},"6":{"line":83,"type":"if","locations":[{"start":{"line":83,"column":32},"end":{"line":83,"column":32}},{"start":{"line":83,"column":32},"end":{"line":83,"column":32}}]}}},"contracts/tokens/Zogi.sol":{"l":{"20":38,"21":38,"22":38,"26":12,"27":12,"28":12,"32":7,"33":7,"37":2,"38":1,"39":1,"43":18,"45":17,"47":17,"48":1,"49":1,"51":16,"52":13,"53":13,"58":20,"59":1,"61":19,"65":64,"69":2,"73":1,"77":1,"81":1},"path":"/home/saad/work/Bezoge-SmartContracts/contracts/tokens/Zogi.sol","s":{"1":38,"2":38,"3":38,"4":12,"5":12,"6":12,"7":7,"8":2,"9":1,"10":1,"11":18,"12":17,"13":17,"14":1,"15":1,"16":16,"17":13,"18":13,"19":20,"20":1,"21":19,"22":64,"23":2,"24":1,"25":1,"26":1},"b":{"1":[38,1],"2":[38,0],"3":[38,0],"4":[12,0],"5":[12,0],"6":[7,0],"7":[1,1],"8":[17,1],"9":[1,16],"10":[1,19],"11":[0,1],"12":[2,1],"13":[1,0],"14":[1,0]},"f":{"1":306,"2":38,"3":12,"4":7,"5":2,"6":18,"7":20,"8":64,"9":2,"10":1,"11":1,"12":1},"fnMap":{"1":{"name":"constructor","line":16,"loc":{"start":{"line":16,"column":4},"end":{"line":17,"column":4}}},"2":{"name":"mint","line":19,"loc":{"start":{"line":19,"column":4},"end":{"line":23,"column":4}}},"3":{"name":"burn","line":25,"loc":{"start":{"line":25,"column":4},"end":{"line":29,"column":4}}},"4":{"name":"blacklistUpdate","line":31,"loc":{"start":{"line":31,"column":4},"end":{"line":34,"column":4}}},"5":{"name":"transfer","line":36,"loc":{"start":{"line":36,"column":4},"end":{"line":40,"column":4}}},"6":{"name":"transferFrom","line":42,"loc":{"start":{"line":42,"column":4},"end":{"line":55,"column":4}}},"7":{"name":"allowance","line":57,"loc":{"start":{"line":57,"column":4},"end":{"line":62,"column":4}}},"8":{"name":"isBlackListed","line":64,"loc":{"start":{"line":64,"column":4},"end":{"line":66,"column":4}}},"9":{"name":"snapShot","line":68,"loc":{"start":{"line":68,"column":4},"end":{"line":70,"column":4}}},"10":{"name":"getCurrentSnapshotId","line":72,"loc":{"start":{"line":72,"column":4},"end":{"line":74,"column":4}}},"11":{"name":"pause","line":76,"loc":{"start":{"line":76,"column":4},"end":{"line":78,"column":4}}},"12":{"name":"unpause","line":80,"loc":{"start":{"line":80,"column":4},"end":{"line":82,"column":4}}}},"statementMap":{"1":{"start":{"line":20,"column":8},"end":{"line":20,"column":62}},"2":{"start":{"line":21,"column":8},"end":{"line":21,"column":31}},"3":{"start":{"line":22,"column":8},"end":{"line":22,"column":36}},"4":{"start":{"line":26,"column":8},"end":{"line":26,"column":67}},"5":{"start":{"line":27,"column":8},"end":{"line":27,"column":33}},"6":{"start":{"line":28,"column":8},"end":{"line":28,"column":38}},"7":{"start":{"line":33,"column":8},"end":{"line":33,"column":42}},"8":{"start":{"line":37,"column":8},"end":{"line":37,"column":100}},"9":{"start":{"line":38,"column":8},"end":{"line":38,"column":49}},"10":{"start":{"line":39,"column":8},"end":{"line":39,"column":19}},"11":{"start":{"line":43,"column":8},"end":{"line":43,"column":102}},"12":{"start":{"line":45,"column":8},"end":{"line":45,"column":38}},"13":{"start":{"line":47,"column":8},"end":{"line":47,"column":1665}},"14":{"start":{"line":48,"column":12},"end":{"line":48,"column":38}},"15":{"start":{"line":49,"column":12},"end":{"line":49,"column":23}},"16":{"start":{"line":51,"column":12},"end":{"line":51,"column":49}},"17":{"start":{"line":52,"column":12},"end":{"line":52,"column":38}},"18":{"start":{"line":53,"column":12},"end":{"line":53,"column":23}},"19":{"start":{"line":58,"column":8},"end":{"line":58,"column":2065}},"20":{"start":{"line":59,"column":12},"end":{"line":59,"column":20}},"21":{"start":{"line":61,"column":8},"end":{"line":61,"column":53}},"22":{"start":{"line":65,"column":8},"end":{"line":65,"column":31}},"23":{"start":{"line":69,"column":8},"end":{"line":69,"column":26}},"24":{"start":{"line":73,"column":8},"end":{"line":73,"column":38}},"25":{"start":{"line":77,"column":8},"end":{"line":77,"column":15}},"26":{"start":{"line":81,"column":8},"end":{"line":81,"column":17}}},"branchMap":{"1":{"line":19,"type":"if","locations":[{"start":{"line":19,"column":59},"end":{"line":19,"column":59}},{"start":{"line":19,"column":59},"end":{"line":19,"column":59}}]},"2":{"line":19,"type":"if","locations":[{"start":{"line":19,"column":73},"end":{"line":19,"column":73}},{"start":{"line":19,"column":73},"end":{"line":19,"column":73}}]},"3":{"line":20,"type":"if","locations":[{"start":{"line":20,"column":8},"end":{"line":20,"column":8}},{"start":{"line":20,"column":8},"end":{"line":20,"column":8}}]},"4":{"line":25,"type":"if","locations":[{"start":{"line":25,"column":41},"end":{"line":25,"column":41}},{"start":{"line":25,"column":41},"end":{"line":25,"column":41}}]},"5":{"line":26,"type":"if","locations":[{"start":{"line":26,"column":8},"end":{"line":26,"column":8}},{"start":{"line":26,"column":8},"end":{"line":26,"column":8}}]},"6":{"line":31,"type":"if","locations":[{"start":{"line":31,"column":62},"end":{"line":31,"column":62}},{"start":{"line":31,"column":62},"end":{"line":31,"column":62}}]},"7":{"line":37,"type":"if","locations":[{"start":{"line":37,"column":8},"end":{"line":37,"column":8}},{"start":{"line":37,"column":8},"end":{"line":37,"column":8}}]},"8":{"line":43,"type":"if","locations":[{"start":{"line":43,"column":8},"end":{"line":43,"column":8}},{"start":{"line":43,"column":8},"end":{"line":43,"column":8}}]},"9":{"line":47,"type":"if","locations":[{"start":{"line":47,"column":8},"end":{"line":47,"column":8}},{"start":{"line":47,"column":8},"end":{"line":47,"column":8}}]},"10":{"line":58,"type":"if","locations":[{"start":{"line":58,"column":8},"end":{"line":58,"column":8}},{"start":{"line":58,"column":8},"end":{"line":58,"column":8}}]},"11":{"line":58,"type":"cond-expr","locations":[{"start":{"line":58,"column":12},"end":{"line":58,"column":33}},{"start":{"line":58,"column":38},"end":{"line":58,"column":64}}]},"12":{"line":68,"type":"if","locations":[{"start":{"line":68,"column":32},"end":{"line":68,"column":32}},{"start":{"line":68,"column":32},"end":{"line":68,"column":32}}]},"13":{"line":76,"type":"if","locations":[{"start":{"line":76,"column":29},"end":{"line":76,"column":29}},{"start":{"line":76,"column":29},"end":{"line":76,"column":29}}]},"14":{"line":80,"type":"if","locations":[{"start":{"line":80,"column":31},"end":{"line":80,"column":31}},{"start":{"line":80,"column":31},"end":{"line":80,"column":31}}]}}},"contracts/wrapper/Conversion.sol":{"l":{"19":102,"20":102,"22":102,"26":29,"27":28,"28":28,"30":28,"31":22,"35":28,"37":28,"38":28,"42":12,"44":12,"46":12,"47":12,"49":12,"53":12,"54":12,"55":12,"60":45,"61":1,"63":44,"68":41},"path":"/home/saad/work/Bezoge-SmartContracts/contracts/wrapper/Conversion.sol","s":{"1":29,"2":28,"3":28,"4":28,"5":28,"6":28,"7":12,"8":12,"9":12,"10":12,"11":12,"12":12,"13":12,"14":45,"15":1,"16":44,"17":41},"b":{"1":[28,1],"2":[22,6],"3":[12,0],"4":[1,44]},"f":{"1":102,"2":29,"3":12,"4":45,"5":41},"fnMap":{"1":{"name":"constructor","line":18,"loc":{"start":{"line":18,"column":4},"end":{"line":23,"column":4}}},"2":{"name":"wrapBezoge","line":25,"loc":{"start":{"line":25,"column":4},"end":{"line":39,"column":4}}},"3":{"name":"unWrapBezoge","line":41,"loc":{"start":{"line":41,"column":4},"end":{"line":56,"column":4}}},"4":{"name":"_calculatePercentage","line":59,"loc":{"start":{"line":59,"column":4},"end":{"line":64,"column":4}}},"5":{"name":"_calculateValueOfPercentage","line":67,"loc":{"start":{"line":67,"column":4},"end":{"line":69,"column":4}}}},"statementMap":{"1":{"start":{"line":26,"column":8},"end":{"line":26,"column":79}},"2":{"start":{"line":27,"column":8},"end":{"line":27,"column":100}},"3":{"start":{"line":28,"column":8},"end":{"line":28,"column":43}},"4":{"start":{"line":30,"column":8},"end":{"line":30,"column":897}},"5":{"start":{"line":37,"column":8},"end":{"line":37,"column":62}},"6":{"start":{"line":38,"column":8},"end":{"line":38,"column":40}},"7":{"start":{"line":42,"column":8},"end":{"line":42,"column":91}},"8":{"start":{"line":44,"column":8},"end":{"line":44,"column":61}},"9":{"start":{"line":46,"column":8},"end":{"line":46,"column":86}},"10":{"start":{"line":47,"column":8},"end":{"line":47,"column":94}},"11":{"start":{"line":53,"column":8},"end":{"line":53,"column":60}},"12":{"start":{"line":54,"column":8},"end":{"line":54,"column":25}},"13":{"start":{"line":55,"column":8},"end":{"line":55,"column":48}},"14":{"start":{"line":60,"column":8},"end":{"line":60,"column":2138}},"15":{"start":{"line":61,"column":12},"end":{"line":61,"column":20}},"16":{"start":{"line":63,"column":8},"end":{"line":63,"column":55}},"17":{"start":{"line":68,"column":8},"end":{"line":68,"column":60}}},"branchMap":{"1":{"line":26,"type":"if","locations":[{"start":{"line":26,"column":8},"end":{"line":26,"column":8}},{"start":{"line":26,"column":8},"end":{"line":26,"column":8}}]},"2":{"line":30,"type":"if","locations":[{"start":{"line":30,"column":8},"end":{"line":30,"column":8}},{"start":{"line":30,"column":8},"end":{"line":30,"column":8}}]},"3":{"line":42,"type":"if","locations":[{"start":{"line":42,"column":8},"end":{"line":42,"column":8}},{"start":{"line":42,"column":8},"end":{"line":42,"column":8}}]},"4":{"line":60,"type":"if","locations":[{"start":{"line":60,"column":8},"end":{"line":60,"column":8}},{"start":{"line":60,"column":8},"end":{"line":60,"column":8}}]}}}}